{"/Users/maria/Desktop/_Masha_CODE/_STUDY/mockups/React_challenges/slides-app/src/App.js": {"path":"/Users/maria/Desktop/_Masha_CODE/_STUDY/mockups/React_challenges/slides-app/src/App.js","statementMap":{"0":{"start":{"line":7,"column":34},"end":{"line":11,"column":4}},"1":{"start":{"line":8,"column":18},"end":{"line":8,"column":50}},"2":{"start":{"line":9,"column":4},"end":{"line":9,"column":48}},"3":{"start":{"line":9,"column":24},"end":{"line":9,"column":48}},"4":{"start":{"line":10,"column":4},"end":{"line":10,"column":69}},"5":{"start":{"line":13,"column":42},"end":{"line":16,"column":4}},"6":{"start":{"line":14,"column":18},"end":{"line":14,"column":54}},"7":{"start":{"line":15,"column":4},"end":{"line":15,"column":52}},"8":{"start":{"line":18,"column":2},"end":{"line":25,"column":17}},"9":{"start":{"line":19,"column":4},"end":{"line":23,"column":5}},"10":{"start":{"line":20,"column":6},"end":{"line":20,"column":42}},"11":{"start":{"line":22,"column":6},"end":{"line":22,"column":45}},"12":{"start":{"line":24,"column":4},"end":{"line":24,"column":58}},"13":{"start":{"line":27,"column":2},"end":{"line":49,"column":4}},"14":{"start":{"line":34,"column":28},"end":{"line":34,"column":50}}},"fnMap":{"0":{"name":"App","decl":{"start":{"line":6,"column":9},"end":{"line":6,"column":12}},"loc":{"start":{"line":6,"column":25},"end":{"line":50,"column":1}},"line":6},"1":{"name":"(anonymous_1)","decl":{"start":{"line":7,"column":43},"end":{"line":7,"column":44}},"loc":{"start":{"line":7,"column":49},"end":{"line":11,"column":3}},"line":7},"2":{"name":"(anonymous_2)","decl":{"start":{"line":13,"column":51},"end":{"line":13,"column":52}},"loc":{"start":{"line":13,"column":57},"end":{"line":16,"column":3}},"line":13},"3":{"name":"(anonymous_3)","decl":{"start":{"line":18,"column":12},"end":{"line":18,"column":13}},"loc":{"start":{"line":18,"column":18},"end":{"line":25,"column":3}},"line":18},"4":{"name":"(anonymous_4)","decl":{"start":{"line":34,"column":22},"end":{"line":34,"column":23}},"loc":{"start":{"line":34,"column":28},"end":{"line":34,"column":50}},"line":34}},"branchMap":{"0":{"loc":{"start":{"line":9,"column":4},"end":{"line":9,"column":48}},"type":"if","locations":[{"start":{"line":9,"column":4},"end":{"line":9,"column":48}},{"start":{},"end":{}}],"line":9},"1":{"loc":{"start":{"line":15,"column":11},"end":{"line":15,"column":51}},"type":"cond-expr","locations":[{"start":{"line":15,"column":28},"end":{"line":15,"column":47}},{"start":{"line":15,"column":50},"end":{"line":15,"column":51}}],"line":15},"2":{"loc":{"start":{"line":19,"column":4},"end":{"line":23,"column":5}},"type":"if","locations":[{"start":{"line":19,"column":4},"end":{"line":23,"column":5}},{"start":{"line":21,"column":11},"end":{"line":23,"column":5}}],"line":19},"3":{"loc":{"start":{"line":39,"column":11},"end":{"line":39,"column":48}},"type":"cond-expr","locations":[{"start":{"line":39,"column":22},"end":{"line":39,"column":33}},{"start":{"line":39,"column":36},"end":{"line":39,"column":48}}],"line":39}},"s":{"0":1,"1":1,"2":1,"3":1,"4":0,"5":1,"6":1,"7":1,"8":1,"9":1,"10":1,"11":0,"12":1,"13":1,"14":0},"f":{"0":1,"1":1,"2":1,"3":1,"4":0},"b":{"0":[1,0],"1":[0,1],"2":[1,0],"3":[1,0]},"_coverageSchema":"1a1c01bbd47fc00a2c39e90264f33305004495a9","hash":"79003d68990df38355ebcd93d1d5bfe10903f209"}
,"/Users/maria/Desktop/_Masha_CODE/_STUDY/mockups/React_challenges/slides-app/src/index.js": {"path":"/Users/maria/Desktop/_Masha_CODE/_STUDY/mockups/React_challenges/slides-app/src/index.js","statementMap":{"0":{"start":{"line":8,"column":13},"end":{"line":8,"column":65}},"1":{"start":{"line":9,"column":0},"end":{"line":13,"column":2}},"2":{"start":{"line":18,"column":0},"end":{"line":18,"column":18}}},"fnMap":{},"branchMap":{},"s":{"0":0,"1":0,"2":0},"f":{},"b":{}}
,"/Users/maria/Desktop/_Masha_CODE/_STUDY/mockups/React_challenges/slides-app/src/reportWebVitals.js": {"path":"/Users/maria/Desktop/_Masha_CODE/_STUDY/mockups/React_challenges/slides-app/src/reportWebVitals.js","statementMap":{"0":{"start":{"line":1,"column":24},"end":{"line":11,"column":1}},"1":{"start":{"line":2,"column":2},"end":{"line":10,"column":3}},"2":{"start":{"line":3,"column":4},"end":{"line":9,"column":7}},"3":{"start":{"line":4,"column":6},"end":{"line":4,"column":26}},"4":{"start":{"line":5,"column":6},"end":{"line":5,"column":26}},"5":{"start":{"line":6,"column":6},"end":{"line":6,"column":26}},"6":{"start":{"line":7,"column":6},"end":{"line":7,"column":26}},"7":{"start":{"line":8,"column":6},"end":{"line":8,"column":27}}},"fnMap":{"0":{"name":"(anonymous_0)","decl":{"start":{"line":1,"column":24},"end":{"line":1,"column":25}},"loc":{"start":{"line":1,"column":39},"end":{"line":11,"column":1}},"line":1},"1":{"name":"(anonymous_1)","decl":{"start":{"line":3,"column":30},"end":{"line":3,"column":31}},"loc":{"start":{"line":3,"column":79},"end":{"line":9,"column":5}},"line":3}},"branchMap":{"0":{"loc":{"start":{"line":2,"column":2},"end":{"line":10,"column":3}},"type":"if","locations":[{"start":{"line":2,"column":2},"end":{"line":10,"column":3}},{"start":{},"end":{}}],"line":2},"1":{"loc":{"start":{"line":2,"column":6},"end":{"line":2,"column":52}},"type":"binary-expr","locations":[{"start":{"line":2,"column":6},"end":{"line":2,"column":17}},{"start":{"line":2,"column":21},"end":{"line":2,"column":52}}],"line":2}},"s":{"0":0,"1":0,"2":0,"3":0,"4":0,"5":0,"6":0,"7":0},"f":{"0":0,"1":0},"b":{"0":[0,0],"1":[0,0]}}
,"/Users/maria/Desktop/_Masha_CODE/_STUDY/mockups/React_challenges/slides-app/src/components/Slides.js": {"path":"/Users/maria/Desktop/_Masha_CODE/_STUDY/mockups/React_challenges/slides-app/src/components/Slides.js","statementMap":{"0":{"start":{"line":13,"column":15},"end":{"line":102,"column":1}},"1":{"start":{"line":14,"column":22},"end":{"line":14,"column":41}},"2":{"start":{"line":16,"column":23},"end":{"line":16,"column":41}},"3":{"start":{"line":17,"column":22},"end":{"line":17,"column":54}},"4":{"start":{"line":20,"column":18},"end":{"line":23,"column":23}},"5":{"start":{"line":21,"column":4},"end":{"line":21,"column":44}},"6":{"start":{"line":22,"column":4},"end":{"line":22,"column":23}},"7":{"start":{"line":26,"column":23},"end":{"line":30,"column":37}},"8":{"start":{"line":27,"column":4},"end":{"line":29,"column":5}},"9":{"start":{"line":28,"column":6},"end":{"line":28,"column":42}},"10":{"start":{"line":28,"column":32},"end":{"line":28,"column":40}},"11":{"start":{"line":33,"column":19},"end":{"line":37,"column":36}},"12":{"start":{"line":34,"column":4},"end":{"line":36,"column":5}},"13":{"start":{"line":35,"column":6},"end":{"line":35,"column":42}},"14":{"start":{"line":35,"column":32},"end":{"line":35,"column":40}},"15":{"start":{"line":40,"column":45},"end":{"line":40,"column":60}},"16":{"start":{"line":44,"column":4},"end":{"line":47,"column":6}},"17":{"start":{"line":50,"column":2},"end":{"line":52,"column":21}},"18":{"start":{"line":51,"column":4},"end":{"line":51,"column":55}},"19":{"start":{"line":55,"column":2},"end":{"line":59,"column":5}},"20":{"start":{"line":62,"column":2},"end":{"line":64,"column":3}},"21":{"start":{"line":63,"column":4},"end":{"line":63,"column":39}},"22":{"start":{"line":66,"column":18},"end":{"line":66,"column":38}},"23":{"start":{"line":67,"column":19},"end":{"line":67,"column":59}},"24":{"start":{"line":69,"column":2},"end":{"line":101,"column":4}}},"fnMap":{"0":{"name":"(anonymous_0)","decl":{"start":{"line":13,"column":15},"end":{"line":13,"column":16}},"loc":{"start":{"line":13,"column":62},"end":{"line":102,"column":1}},"line":13},"1":{"name":"(anonymous_1)","decl":{"start":{"line":20,"column":30},"end":{"line":20,"column":31}},"loc":{"start":{"line":20,"column":36},"end":{"line":23,"column":3}},"line":20},"2":{"name":"(anonymous_2)","decl":{"start":{"line":26,"column":35},"end":{"line":26,"column":36}},"loc":{"start":{"line":26,"column":41},"end":{"line":30,"column":3}},"line":26},"3":{"name":"(anonymous_3)","decl":{"start":{"line":28,"column":22},"end":{"line":28,"column":23}},"loc":{"start":{"line":28,"column":32},"end":{"line":28,"column":40}},"line":28},"4":{"name":"(anonymous_4)","decl":{"start":{"line":33,"column":31},"end":{"line":33,"column":32}},"loc":{"start":{"line":33,"column":37},"end":{"line":37,"column":3}},"line":33},"5":{"name":"(anonymous_5)","decl":{"start":{"line":35,"column":22},"end":{"line":35,"column":23}},"loc":{"start":{"line":35,"column":32},"end":{"line":35,"column":40}},"line":35},"6":{"name":"(anonymous_6)","decl":{"start":{"line":50,"column":12},"end":{"line":50,"column":13}},"loc":{"start":{"line":50,"column":18},"end":{"line":52,"column":3}},"line":50}},"branchMap":{"0":{"loc":{"start":{"line":14,"column":22},"end":{"line":14,"column":41}},"type":"binary-expr","locations":[{"start":{"line":14,"column":22},"end":{"line":14,"column":36}},{"start":{"line":14,"column":40},"end":{"line":14,"column":41}}],"line":14},"1":{"loc":{"start":{"line":27,"column":4},"end":{"line":29,"column":5}},"type":"if","locations":[{"start":{"line":27,"column":4},"end":{"line":29,"column":5}},{"start":{},"end":{}}],"line":27},"2":{"loc":{"start":{"line":34,"column":4},"end":{"line":36,"column":5}},"type":"if","locations":[{"start":{"line":34,"column":4},"end":{"line":36,"column":5}},{"start":{},"end":{}}],"line":34},"3":{"loc":{"start":{"line":62,"column":2},"end":{"line":64,"column":3}},"type":"if","locations":[{"start":{"line":62,"column":2},"end":{"line":64,"column":3}},{"start":{},"end":{}}],"line":62},"4":{"loc":{"start":{"line":62,"column":6},"end":{"line":62,"column":34}},"type":"binary-expr","locations":[{"start":{"line":62,"column":6},"end":{"line":62,"column":13}},{"start":{"line":62,"column":17},"end":{"line":62,"column":34}}],"line":62}},"s":{"0":1,"1":1,"2":1,"3":1,"4":1,"5":0,"6":0,"7":1,"8":0,"9":0,"10":0,"11":1,"12":0,"13":0,"14":0,"15":1,"16":1,"17":1,"18":1,"19":1,"20":1,"21":0,"22":1,"23":1,"24":1},"f":{"0":1,"1":0,"2":0,"3":0,"4":0,"5":0,"6":1},"b":{"0":[1,0],"1":[0,0],"2":[0,0],"3":[0,1],"4":[1,1]},"_coverageSchema":"1a1c01bbd47fc00a2c39e90264f33305004495a9","hash":"63eee3e2af787a45d1d7a3e1212550a5d80fb32b"}
,"/Users/maria/Desktop/_Masha_CODE/_STUDY/mockups/React_challenges/slides-app/src/components/Dots/Dots.jsx": {"path":"/Users/maria/Desktop/_Masha_CODE/_STUDY/mockups/React_challenges/slides-app/src/components/Dots/Dots.jsx","statementMap":{"0":{"start":{"line":4,"column":13},"end":{"line":34,"column":1}},"1":{"start":{"line":5,"column":25},"end":{"line":7,"column":3}},"2":{"start":{"line":6,"column":4},"end":{"line":6,"column":27}},"3":{"start":{"line":9,"column":22},"end":{"line":11,"column":3}},"4":{"start":{"line":10,"column":4},"end":{"line":10,"column":57}},"5":{"start":{"line":13,"column":2},"end":{"line":33,"column":4}},"6":{"start":{"line":16,"column":8},"end":{"line":16,"column":38}},"7":{"start":{"line":16,"column":26},"end":{"line":16,"column":38}},"8":{"start":{"line":18,"column":25},"end":{"line":18,"column":47}},"9":{"start":{"line":19,"column":25},"end":{"line":19,"column":43}},"10":{"start":{"line":20,"column":26},"end":{"line":20,"column":68}},"11":{"start":{"line":22,"column":8},"end":{"line":30,"column":10}},"12":{"start":{"line":26,"column":27},"end":{"line":26,"column":48}}},"fnMap":{"0":{"name":"(anonymous_0)","decl":{"start":{"line":4,"column":13},"end":{"line":4,"column":14}},"loc":{"start":{"line":4,"column":73},"end":{"line":34,"column":1}},"line":4},"1":{"name":"(anonymous_1)","decl":{"start":{"line":5,"column":25},"end":{"line":5,"column":26}},"loc":{"start":{"line":5,"column":36},"end":{"line":7,"column":3}},"line":5},"2":{"name":"(anonymous_2)","decl":{"start":{"line":9,"column":22},"end":{"line":9,"column":23}},"loc":{"start":{"line":9,"column":33},"end":{"line":11,"column":3}},"line":9},"3":{"name":"(anonymous_3)","decl":{"start":{"line":15,"column":18},"end":{"line":15,"column":19}},"loc":{"start":{"line":15,"column":36},"end":{"line":31,"column":7}},"line":15},"4":{"name":"(anonymous_4)","decl":{"start":{"line":26,"column":21},"end":{"line":26,"column":22}},"loc":{"start":{"line":26,"column":27},"end":{"line":26,"column":48}},"line":26}},"branchMap":{"0":{"loc":{"start":{"line":10,"column":11},"end":{"line":10,"column":56}},"type":"cond-expr","locations":[{"start":{"line":10,"column":36},"end":{"line":10,"column":48}},{"start":{"line":10,"column":51},"end":{"line":10,"column":56}}],"line":10},"1":{"loc":{"start":{"line":14,"column":38},"end":{"line":14,"column":74}},"type":"cond-expr","locations":[{"start":{"line":14,"column":52},"end":{"line":14,"column":69}},{"start":{"line":14,"column":72},"end":{"line":14,"column":74}}],"line":14},"2":{"loc":{"start":{"line":16,"column":8},"end":{"line":16,"column":38}},"type":"if","locations":[{"start":{"line":16,"column":8},"end":{"line":16,"column":38}},{"start":{},"end":{}}],"line":16},"3":{"loc":{"start":{"line":28,"column":26},"end":{"line":28,"column":55}},"type":"cond-expr","locations":[{"start":{"line":28,"column":37},"end":{"line":28,"column":43}},{"start":{"line":28,"column":46},"end":{"line":28,"column":55}}],"line":28}},"s":{"0":1,"1":1,"2":0,"3":1,"4":3,"5":1,"6":5,"7":2,"8":3,"9":3,"10":3,"11":3,"12":0},"f":{"0":1,"1":0,"2":3,"3":5,"4":0},"b":{"0":[0,3],"1":[0,1],"2":[2,3],"3":[0,3]},"_coverageSchema":"1a1c01bbd47fc00a2c39e90264f33305004495a9","hash":"4aeb20b45f16aa47a81a79f88d6b0206dc8e6740"}
,"/Users/maria/Desktop/_Masha_CODE/_STUDY/mockups/React_challenges/slides-app/src/components/Navigation/Navigation.jsx": {"path":"/Users/maria/Desktop/_Masha_CODE/_STUDY/mockups/React_challenges/slides-app/src/components/Navigation/Navigation.jsx","statementMap":{"0":{"start":{"line":4,"column":19},"end":{"line":49,"column":1}},"1":{"start":{"line":13,"column":26},"end":{"line":13,"column":79}},"2":{"start":{"line":15,"column":2},"end":{"line":48,"column":4}}},"fnMap":{"0":{"name":"(anonymous_0)","decl":{"start":{"line":4,"column":19},"end":{"line":4,"column":20}},"loc":{"start":{"line":12,"column":6},"end":{"line":49,"column":1}},"line":12}},"branchMap":{"0":{"loc":{"start":{"line":13,"column":26},"end":{"line":13,"column":79}},"type":"cond-expr","locations":[{"start":{"line":13,"column":41},"end":{"line":13,"column":58}},{"start":{"line":13,"column":61},"end":{"line":13,"column":79}}],"line":13}},"s":{"0":1,"1":1,"2":1},"f":{"0":1},"b":{"0":[0,1]},"_coverageSchema":"1a1c01bbd47fc00a2c39e90264f33305004495a9","hash":"a720d7c166b5e4765491a50da34e636730bce388"}
,"/Users/maria/Desktop/_Masha_CODE/_STUDY/mockups/React_challenges/slides-app/src/components/ProgressBar/ProgressBar.jsx": {"path":"/Users/maria/Desktop/_Masha_CODE/_STUDY/mockups/React_challenges/slides-app/src/components/ProgressBar/ProgressBar.jsx","statementMap":{"0":{"start":{"line":4,"column":20},"end":{"line":17,"column":1}},"1":{"start":{"line":5,"column":2},"end":{"line":16,"column":4}}},"fnMap":{"0":{"name":"(anonymous_0)","decl":{"start":{"line":4,"column":20},"end":{"line":4,"column":21}},"loc":{"start":{"line":4,"column":45},"end":{"line":17,"column":1}},"line":4}},"branchMap":{},"s":{"0":1,"1":1},"f":{"0":1},"b":{},"_coverageSchema":"1a1c01bbd47fc00a2c39e90264f33305004495a9","hash":"ba94aebbb99d82e98a0b95483c9a8f1ea3d04221"}
,"/Users/maria/Desktop/_Masha_CODE/_STUDY/mockups/React_challenges/slides-app/src/components/SlideCard/SlideCard.jsx": {"path":"/Users/maria/Desktop/_Masha_CODE/_STUDY/mockups/React_challenges/slides-app/src/components/SlideCard/SlideCard.jsx","statementMap":{"0":{"start":{"line":5,"column":18},"end":{"line":32,"column":1}},"1":{"start":{"line":15,"column":2},"end":{"line":31,"column":4}},"2":{"start":{"line":34,"column":0},"end":{"line":43,"column":2}}},"fnMap":{"0":{"name":"(anonymous_0)","decl":{"start":{"line":5,"column":18},"end":{"line":5,"column":19}},"loc":{"start":{"line":14,"column":6},"end":{"line":32,"column":1}},"line":14}},"branchMap":{"0":{"loc":{"start":{"line":28,"column":9},"end":{"line":28,"column":73}},"type":"binary-expr","locations":[{"start":{"line":28,"column":9},"end":{"line":28,"column":14}},{"start":{"line":28,"column":18},"end":{"line":28,"column":73}}],"line":28}},"s":{"0":1,"1":1,"2":1},"f":{"0":1},"b":{"0":[1,0]},"_coverageSchema":"1a1c01bbd47fc00a2c39e90264f33305004495a9","hash":"b1c14f3690191cd6fb010700c36d24adc725a471"}
,"/Users/maria/Desktop/_Masha_CODE/_STUDY/mockups/React_challenges/slides-app/src/data/slidesData.js": {"path":"/Users/maria/Desktop/_Masha_CODE/_STUDY/mockups/React_challenges/slides-app/src/data/slidesData.js","statementMap":{"0":{"start":{"line":1,"column":19},"end":{"line":30,"column":1}}},"fnMap":{},"branchMap":{},"s":{"0":1},"f":{},"b":{},"_coverageSchema":"1a1c01bbd47fc00a2c39e90264f33305004495a9","hash":"407fc838832c0b3c98c63d3a29af7763faffcfa3"}
,"/Users/maria/Desktop/_Masha_CODE/_STUDY/mockups/React_challenges/slides-app/src/hooks/useFullscreen.js": {"path":"/Users/maria/Desktop/_Masha_CODE/_STUDY/mockups/React_challenges/slides-app/src/hooks/useFullscreen.js","statementMap":{"0":{"start":{"line":3,"column":22},"end":{"line":28,"column":1}},"1":{"start":{"line":4,"column":42},"end":{"line":4,"column":57}},"2":{"start":{"line":6,"column":27},"end":{"line":14,"column":3}},"3":{"start":{"line":7,"column":4},"end":{"line":13,"column":5}},"4":{"start":{"line":8,"column":6},"end":{"line":10,"column":9}},"5":{"start":{"line":9,"column":8},"end":{"line":9,"column":68}},"6":{"start":{"line":12,"column":6},"end":{"line":12,"column":32}},"7":{"start":{"line":16,"column":2},"end":{"line":25,"column":9}},"8":{"start":{"line":17,"column":25},"end":{"line":19,"column":5}},"9":{"start":{"line":18,"column":6},"end":{"line":18,"column":52}},"10":{"start":{"line":21,"column":4},"end":{"line":21,"column":64}},"11":{"start":{"line":22,"column":4},"end":{"line":24,"column":6}},"12":{"start":{"line":23,"column":6},"end":{"line":23,"column":69}},"13":{"start":{"line":27,"column":2},"end":{"line":27,"column":44}}},"fnMap":{"0":{"name":"(anonymous_0)","decl":{"start":{"line":3,"column":22},"end":{"line":3,"column":23}},"loc":{"start":{"line":3,"column":28},"end":{"line":28,"column":1}},"line":3},"1":{"name":"(anonymous_1)","decl":{"start":{"line":6,"column":27},"end":{"line":6,"column":28}},"loc":{"start":{"line":6,"column":33},"end":{"line":14,"column":3}},"line":6},"2":{"name":"(anonymous_2)","decl":{"start":{"line":8,"column":57},"end":{"line":8,"column":58}},"loc":{"start":{"line":8,"column":66},"end":{"line":10,"column":7}},"line":8},"3":{"name":"(anonymous_3)","decl":{"start":{"line":16,"column":12},"end":{"line":16,"column":13}},"loc":{"start":{"line":16,"column":18},"end":{"line":25,"column":3}},"line":16},"4":{"name":"(anonymous_4)","decl":{"start":{"line":17,"column":25},"end":{"line":17,"column":26}},"loc":{"start":{"line":17,"column":31},"end":{"line":19,"column":5}},"line":17},"5":{"name":"(anonymous_5)","decl":{"start":{"line":22,"column":11},"end":{"line":22,"column":12}},"loc":{"start":{"line":22,"column":17},"end":{"line":24,"column":5}},"line":22}},"branchMap":{"0":{"loc":{"start":{"line":7,"column":4},"end":{"line":13,"column":5}},"type":"if","locations":[{"start":{"line":7,"column":4},"end":{"line":13,"column":5}},{"start":{"line":11,"column":11},"end":{"line":13,"column":5}}],"line":7}},"s":{"0":2,"1":8,"2":8,"3":3,"4":2,"5":1,"6":1,"7":8,"8":6,"9":2,"10":6,"11":6,"12":6,"13":8},"f":{"0":8,"1":3,"2":1,"3":6,"4":2,"5":6},"b":{"0":[2,1]},"_coverageSchema":"1a1c01bbd47fc00a2c39e90264f33305004495a9","hash":"a63e6b56551a2a2743c83c4875ad2652a2925497"}
,"/Users/maria/Desktop/_Masha_CODE/_STUDY/mockups/React_challenges/slides-app/src/hooks/useKeyboardNavigation.js": {"path":"/Users/maria/Desktop/_Masha_CODE/_STUDY/mockups/React_challenges/slides-app/src/hooks/useKeyboardNavigation.js","statementMap":{"0":{"start":{"line":3,"column":30},"end":{"line":17,"column":1}},"1":{"start":{"line":4,"column":2},"end":{"line":16,"column":32}},"2":{"start":{"line":5,"column":26},"end":{"line":9,"column":5}},"3":{"start":{"line":6,"column":6},"end":{"line":8,"column":57}},"4":{"start":{"line":6,"column":34},"end":{"line":6,"column":41}},"5":{"start":{"line":7,"column":11},"end":{"line":8,"column":57}},"6":{"start":{"line":7,"column":38},"end":{"line":7,"column":49}},"7":{"start":{"line":8,"column":11},"end":{"line":8,"column":57}},"8":{"start":{"line":8,"column":47},"end":{"line":8,"column":57}},"9":{"start":{"line":11,"column":4},"end":{"line":11,"column":54}},"10":{"start":{"line":13,"column":4},"end":{"line":15,"column":6}},"11":{"start":{"line":14,"column":6},"end":{"line":14,"column":59}}},"fnMap":{"0":{"name":"(anonymous_0)","decl":{"start":{"line":3,"column":30},"end":{"line":3,"column":31}},"loc":{"start":{"line":3,"column":63},"end":{"line":17,"column":1}},"line":3},"1":{"name":"(anonymous_1)","decl":{"start":{"line":4,"column":12},"end":{"line":4,"column":13}},"loc":{"start":{"line":4,"column":18},"end":{"line":16,"column":3}},"line":4},"2":{"name":"(anonymous_2)","decl":{"start":{"line":5,"column":26},"end":{"line":5,"column":27}},"loc":{"start":{"line":5,"column":33},"end":{"line":9,"column":5}},"line":5},"3":{"name":"(anonymous_3)","decl":{"start":{"line":13,"column":11},"end":{"line":13,"column":12}},"loc":{"start":{"line":13,"column":17},"end":{"line":15,"column":5}},"line":13}},"branchMap":{"0":{"loc":{"start":{"line":6,"column":6},"end":{"line":8,"column":57}},"type":"if","locations":[{"start":{"line":6,"column":6},"end":{"line":8,"column":57}},{"start":{"line":7,"column":11},"end":{"line":8,"column":57}}],"line":6},"1":{"loc":{"start":{"line":7,"column":11},"end":{"line":8,"column":57}},"type":"if","locations":[{"start":{"line":7,"column":11},"end":{"line":8,"column":57}},{"start":{"line":8,"column":11},"end":{"line":8,"column":57}}],"line":7},"2":{"loc":{"start":{"line":8,"column":11},"end":{"line":8,"column":57}},"type":"if","locations":[{"start":{"line":8,"column":11},"end":{"line":8,"column":57}},{"start":{},"end":{}}],"line":8},"3":{"loc":{"start":{"line":8,"column":15},"end":{"line":8,"column":45}},"type":"binary-expr","locations":[{"start":{"line":8,"column":15},"end":{"line":8,"column":28}},{"start":{"line":8,"column":32},"end":{"line":8,"column":45}}],"line":8}},"s":{"0":2,"1":6,"2":6,"3":5,"4":1,"5":4,"6":1,"7":3,"8":2,"9":6,"10":6,"11":6},"f":{"0":6,"1":6,"2":5,"3":6},"b":{"0":[1,4],"1":[1,3],"2":[2,1],"3":[3,2]},"_coverageSchema":"1a1c01bbd47fc00a2c39e90264f33305004495a9","hash":"8c36874f1a45e2b27eb2c7507c19b32e4c482af4"}
,"/Users/maria/Desktop/_Masha_CODE/_STUDY/mockups/React_challenges/slides-app/src/hooks/useSwipeNavigation.js": {"path":"/Users/maria/Desktop/_Masha_CODE/_STUDY/mockups/React_challenges/slides-app/src/hooks/useSwipeNavigation.js","statementMap":{"0":{"start":{"line":3,"column":27},"end":{"line":28,"column":1}},"1":{"start":{"line":4,"column":38},"end":{"line":4,"column":52}},"2":{"start":{"line":5,"column":34},"end":{"line":5,"column":48}},"3":{"start":{"line":7,"column":27},"end":{"line":9,"column":3}},"4":{"start":{"line":8,"column":4},"end":{"line":8,"column":40}},"5":{"start":{"line":11,"column":26},"end":{"line":13,"column":3}},"6":{"start":{"line":12,"column":4},"end":{"line":12,"column":38}},"7":{"start":{"line":15,"column":25},"end":{"line":25,"column":3}},"8":{"start":{"line":16,"column":4},"end":{"line":16,"column":57}},"9":{"start":{"line":16,"column":50},"end":{"line":16,"column":57}},"10":{"start":{"line":18,"column":26},"end":{"line":18,"column":47}},"11":{"start":{"line":20,"column":4},"end":{"line":21,"column":65}},"12":{"start":{"line":20,"column":43},"end":{"line":20,"column":57}},"13":{"start":{"line":21,"column":9},"end":{"line":21,"column":65}},"14":{"start":{"line":21,"column":50},"end":{"line":21,"column":65}},"15":{"start":{"line":23,"column":4},"end":{"line":23,"column":24}},"16":{"start":{"line":24,"column":4},"end":{"line":24,"column":22}},"17":{"start":{"line":27,"column":2},"end":{"line":27,"column":63}}},"fnMap":{"0":{"name":"(anonymous_0)","decl":{"start":{"line":3,"column":27},"end":{"line":3,"column":28}},"loc":{"start":{"line":3,"column":62},"end":{"line":28,"column":1}},"line":3},"1":{"name":"(anonymous_1)","decl":{"start":{"line":7,"column":27},"end":{"line":7,"column":28}},"loc":{"start":{"line":7,"column":34},"end":{"line":9,"column":3}},"line":7},"2":{"name":"(anonymous_2)","decl":{"start":{"line":11,"column":26},"end":{"line":11,"column":27}},"loc":{"start":{"line":11,"column":33},"end":{"line":13,"column":3}},"line":11},"3":{"name":"(anonymous_3)","decl":{"start":{"line":15,"column":25},"end":{"line":15,"column":26}},"loc":{"start":{"line":15,"column":31},"end":{"line":25,"column":3}},"line":15}},"branchMap":{"0":{"loc":{"start":{"line":16,"column":4},"end":{"line":16,"column":57}},"type":"if","locations":[{"start":{"line":16,"column":4},"end":{"line":16,"column":57}},{"start":{},"end":{}}],"line":16},"1":{"loc":{"start":{"line":16,"column":8},"end":{"line":16,"column":48}},"type":"binary-expr","locations":[{"start":{"line":16,"column":8},"end":{"line":16,"column":27}},{"start":{"line":16,"column":31},"end":{"line":16,"column":48}}],"line":16},"2":{"loc":{"start":{"line":20,"column":4},"end":{"line":21,"column":65}},"type":"if","locations":[{"start":{"line":20,"column":4},"end":{"line":21,"column":65}},{"start":{"line":21,"column":9},"end":{"line":21,"column":65}}],"line":20},"3":{"loc":{"start":{"line":20,"column":8},"end":{"line":20,"column":41}},"type":"binary-expr","locations":[{"start":{"line":20,"column":8},"end":{"line":20,"column":26}},{"start":{"line":20,"column":30},"end":{"line":20,"column":41}}],"line":20},"4":{"loc":{"start":{"line":21,"column":9},"end":{"line":21,"column":65}},"type":"if","locations":[{"start":{"line":21,"column":9},"end":{"line":21,"column":65}},{"start":{},"end":{}}],"line":21},"5":{"loc":{"start":{"line":21,"column":13},"end":{"line":21,"column":48}},"type":"binary-expr","locations":[{"start":{"line":21,"column":13},"end":{"line":21,"column":32}},{"start":{"line":21,"column":36},"end":{"line":21,"column":48}}],"line":21}},"s":{"0":2,"1":13,"2":13,"3":13,"4":3,"5":13,"6":3,"7":13,"8":3,"9":0,"10":3,"11":3,"12":1,"13":2,"14":1,"15":3,"16":3,"17":13},"f":{"0":13,"1":3,"2":3,"3":3},"b":{"0":[0,3],"1":[3,3],"2":[1,2],"3":[3,1],"4":[1,1],"5":[2,1]},"_coverageSchema":"1a1c01bbd47fc00a2c39e90264f33305004495a9","hash":"d56aeababe188543353b428061266d1817e1bd3b"}
}
